<?xml version="1.0" encoding="UTF-8"?>
<testsuite name="br.com.fullcycle.hexagonal.controllers.CustomerControllerTest" tests="4" skipped="0" failures="0" errors="0" timestamp="2023-12-19T23:04:15" hostname="Hugos-Mac-mini.local" time="0.218">
  <properties/>
  <testcase name="Deve obter um cliente por id" classname="br.com.fullcycle.hexagonal.controllers.CustomerControllerTest" time="0.179"/>
  <testcase name="Não deve cadastrar um cliente com e-mail duplicado" classname="br.com.fullcycle.hexagonal.controllers.CustomerControllerTest" time="0.023"/>
  <testcase name="Não deve cadastrar um cliente com CPF duplicado" classname="br.com.fullcycle.hexagonal.controllers.CustomerControllerTest" time="0.008"/>
  <testcase name="Deve criar um cliente" classname="br.com.fullcycle.hexagonal.controllers.CustomerControllerTest" time="0.006"/>
  <system-out><![CDATA[2023-12-19T20:04:15.262-03:00  INFO 14669 --- [    Test worker] t.c.s.AnnotationConfigContextLoaderUtils : Could not detect default configuration classes for test class [br.com.fullcycle.hexagonal.controllers.CustomerControllerTest]: CustomerControllerTest does not declare any static, non-private, non-final, nested classes annotated with @Configuration.
2023-12-19T20:04:15.270-03:00  INFO 14669 --- [    Test worker] .b.t.c.SpringBootTestContextBootstrapper : Found @SpringBootConfiguration br.com.fullcycle.hexagonal.Main for test class br.com.fullcycle.hexagonal.controllers.CustomerControllerTest

  .   ____          _            __ _ _
 /\\ / ___'_ __ _ _(_)_ __  __ _ \ \ \ \
( ( )\___ | '_ | '_| | '_ \/ _` | \ \ \ \
 \\/  ___)| |_)| | | | | || (_| |  ) ) ) )
  '  |____| .__|_| |_|_| |_\__, | / / / /
 =========|_|==============|___/=/_/_/_/
 :: Spring Boot ::                (v3.1.2)

2023-12-19T20:04:15.280-03:00  INFO 14669 --- [    Test worker] b.c.f.h.c.CustomerControllerTest         : Starting CustomerControllerTest using Java 17.0.8 with PID 14669 (started by hugo in /Users/hugo/Documents/Projetos/MBA-hexagonal-architecture-main)
2023-12-19T20:04:15.280-03:00  INFO 14669 --- [    Test worker] b.c.f.h.c.CustomerControllerTest         : The following 1 profile is active: "test"
2023-12-19T20:04:15.347-03:00  INFO 14669 --- [    Test worker] .s.d.r.c.RepositoryConfigurationDelegate : Bootstrapping Spring Data JPA repositories in DEFAULT mode.
2023-12-19T20:04:15.352-03:00  INFO 14669 --- [    Test worker] .s.d.r.c.RepositoryConfigurationDelegate : Finished Spring Data repository scanning in 3 ms. Found 4 JPA repository interfaces.
2023-12-19T20:04:15.401-03:00  INFO 14669 --- [    Test worker] o.hibernate.jpa.internal.util.LogHelper  : HHH000204: Processing PersistenceUnitInfo [name: default]
2023-12-19T20:04:15.405-03:00  INFO 14669 --- [    Test worker] o.h.b.i.BytecodeProviderInitiator        : HHH000021: Bytecode provider name : bytebuddy
2023-12-19T20:04:15.405-03:00  INFO 14669 --- [    Test worker] o.s.o.j.p.SpringPersistenceUnitInfo      : No LoadTimeWeaver setup: ignoring JPA class transformer
2023-12-19T20:04:15.406-03:00  INFO 14669 --- [    Test worker] com.zaxxer.hikari.HikariDataSource       : HikariPool-2 - Starting...
2023-12-19T20:04:15.407-03:00  INFO 14669 --- [    Test worker] com.zaxxer.hikari.pool.HikariPool        : HikariPool-2 - Added connection conn10: url=jdbc:h2:mem:adm_videos_test user=ROOT
2023-12-19T20:04:15.407-03:00  INFO 14669 --- [    Test worker] com.zaxxer.hikari.HikariDataSource       : HikariPool-2 - Start completed.
2023-12-19T20:04:15.414-03:00  INFO 14669 --- [    Test worker] o.h.b.i.BytecodeProviderInitiator        : HHH000021: Bytecode provider name : bytebuddy
2023-12-19T20:04:15.440-03:00  INFO 14669 --- [    Test worker] o.h.e.t.j.p.i.JtaPlatformInitiator       : HHH000490: Using JtaPlatform implementation: [org.hibernate.engine.transaction.jta.platform.internal.NoJtaPlatform]
Hibernate: alter table if exists tickets alter column paid_at set data type timestamp(6) with time zone
Hibernate: alter table if exists tickets alter column reserved_at set data type timestamp(6) with time zone
2023-12-19T20:04:15.449-03:00  INFO 14669 --- [    Test worker] j.LocalContainerEntityManagerFactoryBean : Initialized JPA EntityManagerFactory for persistence unit 'default'
2023-12-19T20:04:15.580-03:00  INFO 14669 --- [    Test worker] o.s.b.t.m.w.SpringBootMockServletContext : Initializing Spring TestDispatcherServlet ''
2023-12-19T20:04:15.580-03:00  INFO 14669 --- [    Test worker] o.s.t.web.servlet.TestDispatcherServlet  : Initializing Servlet ''
2023-12-19T20:04:15.581-03:00  INFO 14669 --- [    Test worker] o.s.t.web.servlet.TestDispatcherServlet  : Completed initialization in 0 ms
2023-12-19T20:04:15.627-03:00  INFO 14669 --- [    Test worker] b.c.f.h.c.CustomerControllerTest         : Started CustomerControllerTest in 0.355 seconds (process running for 3.041)
Hibernate: select c1_0.id,c1_0.cpf,c1_0.email,c1_0.name from customers c1_0 where c1_0.cpf=?
Hibernate: select c1_0.id,c1_0.cpf,c1_0.email,c1_0.name from customers c1_0 where c1_0.email=?
Hibernate: insert into customers (cpf,email,name,id) values (?,?,?,default)
Hibernate: select c1_0.id,c1_0.cpf,c1_0.email,c1_0.name from customers c1_0 where c1_0.id=?
Hibernate: select c1_0.id,c1_0.cpf,c1_0.email,c1_0.name from customers c1_0
Hibernate: delete from customers where id=?
Hibernate: select c1_0.id,c1_0.cpf,c1_0.email,c1_0.name from customers c1_0 where c1_0.cpf=?
Hibernate: select c1_0.id,c1_0.cpf,c1_0.email,c1_0.name from customers c1_0 where c1_0.email=?
Hibernate: insert into customers (cpf,email,name,id) values (?,?,?,default)
Hibernate: select c1_0.id,c1_0.cpf,c1_0.email,c1_0.name from customers c1_0 where c1_0.cpf=?
Hibernate: select c1_0.id,c1_0.cpf,c1_0.email,c1_0.name from customers c1_0 where c1_0.email=?
Hibernate: select c1_0.id,c1_0.cpf,c1_0.email,c1_0.name from customers c1_0
Hibernate: delete from customers where id=?
Hibernate: select c1_0.id,c1_0.cpf,c1_0.email,c1_0.name from customers c1_0 where c1_0.cpf=?
Hibernate: select c1_0.id,c1_0.cpf,c1_0.email,c1_0.name from customers c1_0 where c1_0.email=?
Hibernate: insert into customers (cpf,email,name,id) values (?,?,?,default)
Hibernate: select c1_0.id,c1_0.cpf,c1_0.email,c1_0.name from customers c1_0 where c1_0.cpf=?
Hibernate: select c1_0.id,c1_0.cpf,c1_0.email,c1_0.name from customers c1_0
Hibernate: delete from customers where id=?
Hibernate: select c1_0.id,c1_0.cpf,c1_0.email,c1_0.name from customers c1_0 where c1_0.cpf=?
Hibernate: select c1_0.id,c1_0.cpf,c1_0.email,c1_0.name from customers c1_0 where c1_0.email=?
Hibernate: insert into customers (cpf,email,name,id) values (?,?,?,default)
Hibernate: select c1_0.id,c1_0.cpf,c1_0.email,c1_0.name from customers c1_0
Hibernate: delete from customers where id=?
]]></system-out>
  <system-err><![CDATA[]]></system-err>
</testsuite>
