<?xml version="1.0" encoding="UTF-8"?>
<testsuite name="br.com.fullcycle.hexagonal.MainTests" tests="1" skipped="0" failures="0" errors="0" timestamp="2023-12-19T23:04:14" hostname="Hugos-Mac-mini.local" time="0.553">
  <properties/>
  <testcase name="contextLoads()" classname="br.com.fullcycle.hexagonal.MainTests" time="0.553"/>
  <system-out><![CDATA[20:04:12.981 [Test worker] INFO org.springframework.test.context.support.AnnotationConfigContextLoaderUtils -- Could not detect default configuration classes for test class [br.com.fullcycle.hexagonal.MainTests]: MainTests does not declare any static, non-private, non-final, nested classes annotated with @Configuration.
20:04:13.022 [Test worker] INFO org.springframework.boot.test.context.SpringBootTestContextBootstrapper -- Found @SpringBootConfiguration br.com.fullcycle.hexagonal.Main for test class br.com.fullcycle.hexagonal.MainTests

  .   ____          _            __ _ _
 /\\ / ___'_ __ _ _(_)_ __  __ _ \ \ \ \
( ( )\___ | '_ | '_| | '_ \/ _` | \ \ \ \
 \\/  ___)| |_)| | | | | || (_| |  ) ) ) )
  '  |____| .__|_| |_|_| |_\__, | / / / /
 =========|_|==============|___/=/_/_/_/
 :: Spring Boot ::                (v3.1.2)

2023-12-19T20:04:13.185-03:00  INFO 14669 --- [    Test worker] br.com.fullcycle.hexagonal.MainTests     : Starting MainTests using Java 17.0.8 with PID 14669 (started by hugo in /Users/hugo/Documents/Projetos/MBA-hexagonal-architecture-main)
2023-12-19T20:04:13.188-03:00  INFO 14669 --- [    Test worker] br.com.fullcycle.hexagonal.MainTests     : The following 1 profile is active: "test"
2023-12-19T20:04:13.423-03:00  INFO 14669 --- [    Test worker] .s.d.r.c.RepositoryConfigurationDelegate : Bootstrapping Spring Data JPA repositories in DEFAULT mode.
2023-12-19T20:04:13.490-03:00  INFO 14669 --- [    Test worker] .s.d.r.c.RepositoryConfigurationDelegate : Finished Spring Data repository scanning in 63 ms. Found 4 JPA repository interfaces.
2023-12-19T20:04:13.683-03:00  INFO 14669 --- [    Test worker] o.hibernate.jpa.internal.util.LogHelper  : HHH000204: Processing PersistenceUnitInfo [name: default]
2023-12-19T20:04:13.704-03:00  INFO 14669 --- [    Test worker] org.hibernate.Version                    : HHH000412: Hibernate ORM core version 6.2.6.Final
2023-12-19T20:04:13.706-03:00  INFO 14669 --- [    Test worker] org.hibernate.cfg.Environment            : HHH000406: Using bytecode reflection optimizer
2023-12-19T20:04:13.762-03:00  INFO 14669 --- [    Test worker] o.h.b.i.BytecodeProviderInitiator        : HHH000021: Bytecode provider name : bytebuddy
2023-12-19T20:04:13.811-03:00  INFO 14669 --- [    Test worker] o.s.o.j.p.SpringPersistenceUnitInfo      : No LoadTimeWeaver setup: ignoring JPA class transformer
2023-12-19T20:04:13.817-03:00  INFO 14669 --- [    Test worker] com.zaxxer.hikari.HikariDataSource       : HikariPool-1 - Starting...
2023-12-19T20:04:13.895-03:00  INFO 14669 --- [    Test worker] com.zaxxer.hikari.pool.HikariPool        : HikariPool-1 - Added connection conn0: url=jdbc:h2:mem:adm_videos_test user=ROOT
2023-12-19T20:04:13.896-03:00  INFO 14669 --- [    Test worker] com.zaxxer.hikari.HikariDataSource       : HikariPool-1 - Start completed.
2023-12-19T20:04:14.009-03:00  INFO 14669 --- [    Test worker] o.h.b.i.BytecodeProviderInitiator        : HHH000021: Bytecode provider name : bytebuddy
2023-12-19T20:04:14.291-03:00  INFO 14669 --- [    Test worker] o.h.e.t.j.p.i.JtaPlatformInitiator       : HHH000490: Using JtaPlatform implementation: [org.hibernate.engine.transaction.jta.platform.internal.NoJtaPlatform]
Hibernate: create table customers (id bigint generated by default as identity, cpf varchar(255), email varchar(255), name varchar(255), primary key (id))
Hibernate: create table events (id bigint generated by default as identity, date date, name varchar(255), total_spots integer not null, partner_id bigint, primary key (id))
Hibernate: create table partners (id bigint generated by default as identity, cnpj varchar(255), email varchar(255), name varchar(255), primary key (id))
Hibernate: create table tickets (id bigint generated by default as identity, paid_at timestamp(6) with time zone, reserved_at timestamp(6) with time zone, status varchar(255) check (status in ('PENDING','PROCESSING','PAID')), customer_id bigint, event_id bigint, primary key (id))
Hibernate: alter table if exists events add constraint FKnkj3q67ttpkmel13hj515eb3y foreign key (partner_id) references partners
Hibernate: alter table if exists tickets add constraint FKi81xre2n3j3as1sp24j440kq1 foreign key (customer_id) references customers
Hibernate: alter table if exists tickets add constraint FK3utafe14rupaypjocldjaj4ol foreign key (event_id) references events
2023-12-19T20:04:14.322-03:00  INFO 14669 --- [    Test worker] j.LocalContainerEntityManagerFactoryBean : Initialized JPA EntityManagerFactory for persistence unit 'default'
2023-12-19T20:04:14.700-03:00  INFO 14669 --- [    Test worker] br.com.fullcycle.hexagonal.MainTests     : Started MainTests in 1.61 seconds (process running for 2.114)
]]></system-out>
  <system-err><![CDATA[]]></system-err>
</testsuite>
